  [1m[36m (1.6ms)[0m  [1mCREATE TABLE "schema_migrations" ("version" varchar NOT NULL) [0m
  [1m[35m (0.1ms)[0m  select sqlite_version(*)
  [1m[36m (1.4ms)[0m  [1mCREATE UNIQUE INDEX "unique_schema_migrations" ON "schema_migrations" ("version")[0m
  [1m[35mActiveRecord::SchemaMigration Load (0.1ms)[0m  SELECT "schema_migrations".* FROM "schema_migrations"
Migrating to DeviseCreateUsers (20151006004205)
  [1m[36m (0.1ms)[0m  [1mbegin transaction[0m
DEPRECATION WARNING: `#timestamp` was called without specifying an option for `null`. In Rails 5, this behavior will change to `null: false`. You should manually specify `null: true` to prevent the behavior of your existing migrations from changing. (called from block in change at /Users/nicnash08/programming/votingDevise/backend/db/migrate/20151006004205_devise_create_users.rb:34)
  [1m[35m (0.7ms)[0m  CREATE TABLE "users" ("id" INTEGER PRIMARY KEY AUTOINCREMENT NOT NULL, "email" varchar DEFAULT '' NOT NULL, "encrypted_password" varchar DEFAULT '' NOT NULL, "reset_password_token" varchar, "reset_password_sent_at" datetime, "remember_created_at" datetime, "sign_in_count" integer DEFAULT 0 NOT NULL, "current_sign_in_at" datetime, "last_sign_in_at" datetime, "current_sign_in_ip" varchar, "last_sign_in_ip" varchar, "created_at" datetime, "updated_at" datetime) 
  [1m[36m (0.3ms)[0m  [1mCREATE UNIQUE INDEX "index_users_on_email" ON "users" ("email")[0m
  [1m[35m (0.1ms)[0m              SELECT sql
            FROM sqlite_master
            WHERE name='index_users_on_email' AND type='index'
            UNION ALL
            SELECT sql
            FROM sqlite_temp_master
            WHERE name='index_users_on_email' AND type='index'

  [1m[36m (0.1ms)[0m  [1mCREATE UNIQUE INDEX "index_users_on_reset_password_token" ON "users" ("reset_password_token")[0m
  [1m[35mSQL (0.2ms)[0m  INSERT INTO "schema_migrations" ("version") VALUES (?)  [["version", "20151006004205"]]
  [1m[36m (2.3ms)[0m  [1mcommit transaction[0m
Migrating to AddAuthenticationTokenToUser (20151006004226)
  [1m[35m (0.0ms)[0m  begin transaction
  [1m[36m (0.3ms)[0m  [1mALTER TABLE "users" ADD "authentication_token" varchar[0m
  [1m[35mSQL (0.1ms)[0m  INSERT INTO "schema_migrations" ("version") VALUES (?)  [["version", "20151006004226"]]
  [1m[36m (1.7ms)[0m  [1mcommit transaction[0m
  [1m[35mActiveRecord::SchemaMigration Load (0.1ms)[0m  SELECT "schema_migrations".* FROM "schema_migrations"
  [1m[36m (0.2ms)[0m  [1m            SELECT sql
            FROM sqlite_master
            WHERE name='index_users_on_reset_password_token' AND type='index'
            UNION ALL
            SELECT sql
            FROM sqlite_temp_master
            WHERE name='index_users_on_reset_password_token' AND type='index'
[0m
  [1m[35m (0.2ms)[0m              SELECT sql
            FROM sqlite_master
            WHERE name='index_users_on_email' AND type='index'
            UNION ALL
            SELECT sql
            FROM sqlite_temp_master
            WHERE name='index_users_on_email' AND type='index'

  [1m[36m (0.1ms)[0m  [1mbegin transaction[0m
  [1m[35mUser Exists (0.2ms)[0m  SELECT  1 AS one FROM "users" WHERE "users"."email" = 'user@example.com' LIMIT 1
  [1m[36mUser Load (0.4ms)[0m  [1mSELECT  "users".* FROM "users" WHERE "users"."authentication_token" = ?  ORDER BY "users"."id" ASC LIMIT 1[0m  [["authentication_token", "uuR6g6kzvUP_FBzPCEoL"]]
  [1m[35mSQL (0.5ms)[0m  INSERT INTO "users" ("email", "encrypted_password", "authentication_token", "created_at", "updated_at") VALUES (?, ?, ?, ?, ?)  [["email", "user@example.com"], ["encrypted_password", "$2a$10$RfAapAPgkO6y7HwOKurZeesG5IImrr9Jma43Rtoe6ybtxB3in06gK"], ["authentication_token", "uuR6g6kzvUP_FBzPCEoL"], ["created_at", "2015-10-06 00:56:50.229569"], ["updated_at", "2015-10-06 00:56:50.229569"]]
  [1m[36m (1.5ms)[0m  [1mcommit transaction[0m


Started POST "/users/sign_in" for ::1 at 2015-10-05 20:44:25 -0500
  [1m[36mActiveRecord::SchemaMigration Load (0.2ms)[0m  [1mSELECT "schema_migrations".* FROM "schema_migrations"[0m
Processing by SessionsController#create as JSON
  Parameters: {"user"=>{"password"=>"[FILTERED]", "email"=>"nic.nash@chaione.com"}}
Completed 401 Unauthorized in 44ms


Started POST "/users/sign_in" for ::1 at 2015-10-05 20:45:11 -0500
Processing by SessionsController#create as JSON
  Parameters: {"user"=>{"password"=>"[FILTERED]", "email"=>"user@example.com"}}
Completed 401 Unauthorized in 0ms


Started GET "/users/sign_in" for ::1 at 2015-10-05 20:45:20 -0500

AbstractController::ActionNotFound (The action 'new' could not be found for SessionsController):
  actionpack (4.2.0) lib/abstract_controller/base.rb:132:in `process'
  actionview (4.2.0) lib/action_view/rendering.rb:30:in `process'
  actionpack (4.2.0) lib/action_controller/metal.rb:195:in `dispatch'
  actionpack (4.2.0) lib/action_controller/metal/rack_delegation.rb:13:in `dispatch'
  actionpack (4.2.0) lib/action_controller/metal.rb:236:in `block in action'
  actionpack (4.2.0) lib/action_dispatch/routing/route_set.rb:73:in `call'
  actionpack (4.2.0) lib/action_dispatch/routing/route_set.rb:73:in `dispatch'
  actionpack (4.2.0) lib/action_dispatch/routing/route_set.rb:42:in `serve'
  actionpack (4.2.0) lib/action_dispatch/routing/mapper.rb:49:in `serve'
  actionpack (4.2.0) lib/action_dispatch/journey/router.rb:43:in `block in serve'
  actionpack (4.2.0) lib/action_dispatch/journey/router.rb:30:in `each'
  actionpack (4.2.0) lib/action_dispatch/journey/router.rb:30:in `serve'
  actionpack (4.2.0) lib/action_dispatch/routing/route_set.rb:802:in `call'
  warden (1.2.3) lib/warden/manager.rb:35:in `block in call'
  warden (1.2.3) lib/warden/manager.rb:34:in `catch'
  warden (1.2.3) lib/warden/manager.rb:34:in `call'
  rack (1.6.4) lib/rack/etag.rb:24:in `call'
  rack (1.6.4) lib/rack/conditionalget.rb:25:in `call'
  rack (1.6.4) lib/rack/head.rb:13:in `call'
  actionpack (4.2.0) lib/action_dispatch/middleware/params_parser.rb:27:in `call'
  actionpack (4.2.0) lib/action_dispatch/middleware/cookies.rb:560:in `call'
  activerecord (4.2.0) lib/active_record/query_cache.rb:36:in `call'
  activerecord (4.2.0) lib/active_record/connection_adapters/abstract/connection_pool.rb:647:in `call'
  activerecord (4.2.0) lib/active_record/migration.rb:378:in `call'
  actionpack (4.2.0) lib/action_dispatch/middleware/callbacks.rb:29:in `block in call'
  activesupport (4.2.0) lib/active_support/callbacks.rb:88:in `call'
  activesupport (4.2.0) lib/active_support/callbacks.rb:88:in `_run_callbacks'
  activesupport (4.2.0) lib/active_support/callbacks.rb:734:in `_run_call_callbacks'
  activesupport (4.2.0) lib/active_support/callbacks.rb:81:in `run_callbacks'
  actionpack (4.2.0) lib/action_dispatch/middleware/callbacks.rb:27:in `call'
  actionpack (4.2.0) lib/action_dispatch/middleware/reloader.rb:73:in `call'
  actionpack (4.2.0) lib/action_dispatch/middleware/remote_ip.rb:78:in `call'
  actionpack (4.2.0) lib/action_dispatch/middleware/debug_exceptions.rb:17:in `call'
  web-console (2.2.1) lib/web_console/middleware.rb:39:in `call'
  actionpack (4.2.0) lib/action_dispatch/middleware/show_exceptions.rb:30:in `call'
  railties (4.2.0) lib/rails/rack/logger.rb:38:in `call_app'
  railties (4.2.0) lib/rails/rack/logger.rb:20:in `block in call'
  activesupport (4.2.0) lib/active_support/tagged_logging.rb:68:in `block in tagged'
  activesupport (4.2.0) lib/active_support/tagged_logging.rb:26:in `tagged'
  activesupport (4.2.0) lib/active_support/tagged_logging.rb:68:in `tagged'
  railties (4.2.0) lib/rails/rack/logger.rb:20:in `call'
  actionpack (4.2.0) lib/action_dispatch/middleware/request_id.rb:21:in `call'
  rack (1.6.4) lib/rack/methodoverride.rb:22:in `call'
  rack (1.6.4) lib/rack/runtime.rb:18:in `call'
  activesupport (4.2.0) lib/active_support/cache/strategy/local_cache_middleware.rb:28:in `call'
  rack (1.6.4) lib/rack/lock.rb:17:in `call'
  actionpack (4.2.0) lib/action_dispatch/middleware/static.rb:113:in `call'
  rack (1.6.4) lib/rack/sendfile.rb:113:in `call'
  railties (4.2.0) lib/rails/engine.rb:518:in `call'
  railties (4.2.0) lib/rails/application.rb:164:in `call'
  rack (1.6.4) lib/rack/lock.rb:17:in `call'
  rack (1.6.4) lib/rack/content_length.rb:15:in `call'
  rack (1.6.4) lib/rack/handler/webrick.rb:88:in `service'
  /Users/nicnash08/.rbenv/versions/2.2.0/lib/ruby/2.2.0/webrick/httpserver.rb:138:in `service'
  /Users/nicnash08/.rbenv/versions/2.2.0/lib/ruby/2.2.0/webrick/httpserver.rb:94:in `run'
  /Users/nicnash08/.rbenv/versions/2.2.0/lib/ruby/2.2.0/webrick/server.rb:294:in `block in start_thread'


  Rendered /Users/nicnash08/.rvm/gems/ruby-2.2.0/gems/actionpack-4.2.0/lib/action_dispatch/middleware/templates/rescues/unknown_action.html.erb within rescues/layout (1.7ms)
  Rendered /Users/nicnash08/.rvm/gems/ruby-2.2.0/gems/web-console-2.2.1/lib/web_console/templates/_markup.html.erb (0.4ms)
  Rendered /Users/nicnash08/.rvm/gems/ruby-2.2.0/gems/web-console-2.2.1/lib/web_console/templates/_inner_console_markup.html.erb within layouts/inlined_string (0.4ms)
  Rendered /Users/nicnash08/.rvm/gems/ruby-2.2.0/gems/web-console-2.2.1/lib/web_console/templates/_prompt_box_markup.html.erb within layouts/inlined_string (0.3ms)
  Rendered /Users/nicnash08/.rvm/gems/ruby-2.2.0/gems/web-console-2.2.1/lib/web_console/templates/style.css.erb within layouts/inlined_string (0.4ms)
  Rendered /Users/nicnash08/.rvm/gems/ruby-2.2.0/gems/web-console-2.2.1/lib/web_console/templates/console.js.erb within layouts/javascript (86.3ms)
  Rendered /Users/nicnash08/.rvm/gems/ruby-2.2.0/gems/web-console-2.2.1/lib/web_console/templates/main.js.erb within layouts/javascript (0.4ms)
  Rendered /Users/nicnash08/.rvm/gems/ruby-2.2.0/gems/web-console-2.2.1/lib/web_console/templates/error_page.js.erb within layouts/javascript (0.5ms)
  Rendered /Users/nicnash08/.rvm/gems/ruby-2.2.0/gems/web-console-2.2.1/lib/web_console/templates/index.html.erb (232.7ms)


Started POST "/users/sign_in" for ::1 at 2015-10-05 20:48:48 -0500
Processing by SessionsController#create as JSON
  Parameters: {"user"=>{"password"=>"[FILTERED]", "email"=>"nic.nash@chaione.com"}}
Completed 401 Unauthorized in 0ms


Started POST "/users/sign_in" for ::1 at 2015-10-05 20:52:26 -0500
  [1m[36mActiveRecord::SchemaMigration Load (0.3ms)[0m  [1mSELECT "schema_migrations".* FROM "schema_migrations"[0m
Processing by SessionsController#create as JSON
  Parameters: {"user"=>{"password"=>"[FILTERED]", "email"=>"nic.nash@chaione.com"}}
Completed 401 Unauthorized in 20ms


Started POST "/users/sign_in" for ::1 at 2015-10-05 20:52:56 -0500
Processing by SessionsController#create as JSON
  Parameters: {"user"=>{"password"=>"[FILTERED]", "email"=>"user@example.com"}}
Completed 401 Unauthorized in 0ms


Started POST "/users/sign_in" for ::1 at 2015-10-05 20:53:07 -0500
Processing by SessionsController#create as JSON
  Parameters: {"user"=>{"password"=>"[FILTERED]", "email"=>"user@example.com"}}
Completed 401 Unauthorized in 1ms
  [1m[36mUser Load (1.9ms)[0m  [1mSELECT "users".* FROM "users"[0m
  [1m[35m (0.1ms)[0m  begin transaction
  [1m[36mUser Exists (0.2ms)[0m  [1mSELECT  1 AS one FROM "users" WHERE "users"."email" = 'user2@example.com' LIMIT 1[0m
  [1m[35mUser Load (0.2ms)[0m  SELECT  "users".* FROM "users" WHERE "users"."authentication_token" = ?  ORDER BY "users"."id" ASC LIMIT 1  [["authentication_token", "yBMHmsZe3gsodV4JaEox"]]
  [1m[36mSQL (0.5ms)[0m  [1mINSERT INTO "users" ("email", "encrypted_password", "authentication_token", "created_at", "updated_at") VALUES (?, ?, ?, ?, ?)[0m  [["email", "user2@example.com"], ["encrypted_password", "$2a$10$lDWdojFMdOKtkxIDko2OqehElSTqHSx8wDCvs9WE2qfGhmF5wldOS"], ["authentication_token", "yBMHmsZe3gsodV4JaEox"], ["created_at", "2015-10-06 01:54:41.074996"], ["updated_at", "2015-10-06 01:54:41.074996"]]
  [1m[35m (1.6ms)[0m  commit transaction


Started POST "/users/sign_in" for ::1 at 2015-10-05 20:55:41 -0500
  [1m[36mActiveRecord::SchemaMigration Load (0.1ms)[0m  [1mSELECT "schema_migrations".* FROM "schema_migrations"[0m
Processing by SessionsController#create as JSON
  Parameters: {"user"=>{"password"=>"[FILTERED]", "email"=>"user2@example.com"}}
Completed 401 Unauthorized in 15ms


Started POST "/users/sign_in" for ::1 at 2015-10-05 20:59:01 -0500
  [1m[36mActiveRecord::SchemaMigration Load (0.2ms)[0m  [1mSELECT "schema_migrations".* FROM "schema_migrations"[0m
Processing by SessionsController#create as JSON
  Parameters: {"user"=>{"password"=>"[FILTERED]", "email"=>"user2@example.com"}}
  [1m[35mUser Load (0.3ms)[0m  SELECT  "users".* FROM "users" WHERE "users"."email" = ?  ORDER BY "users"."id" ASC LIMIT 1  [["email", "user2@example.com"]]
  [1m[36m (0.1ms)[0m  [1mbegin transaction[0m
  [1m[35mSQL (0.5ms)[0m  UPDATE "users" SET "last_sign_in_at" = ?, "current_sign_in_at" = ?, "last_sign_in_ip" = ?, "current_sign_in_ip" = ?, "sign_in_count" = ?, "updated_at" = ? WHERE "users"."id" = ?  [["last_sign_in_at", "2015-10-06 01:59:01.271569"], ["current_sign_in_at", "2015-10-06 01:59:01.271569"], ["last_sign_in_ip", "::1"], ["current_sign_in_ip", "::1"], ["sign_in_count", 1], ["updated_at", "2015-10-06 01:59:01.274761"], ["id", 2]]
  [1m[36m (1.3ms)[0m  [1mcommit transaction[0m
Completed 201 Created in 144ms (Views: 2.0ms | ActiveRecord: 2.7ms)


Started POST "/users/sign_in" for ::1 at 2015-10-05 20:59:31 -0500
Processing by SessionsController#create as JSON
  Parameters: {"user"=>{"password"=>"[FILTERED]", "email"=>"nic.nash@chaione.com"}}
  [1m[35mUser Load (0.2ms)[0m  SELECT  "users".* FROM "users" WHERE "users"."email" = ?  ORDER BY "users"."id" ASC LIMIT 1  [["email", "nic.nash@chaione.com"]]
Completed 401 Unauthorized in 2ms


Started POST "/users/sign_in" for ::1 at 2015-10-05 20:59:41 -0500
Processing by SessionsController#create as JSON
  Parameters: {"user"=>{"password"=>"[FILTERED]", "email"=>"user@example.com"}}
  [1m[36mUser Load (0.2ms)[0m  [1mSELECT  "users".* FROM "users" WHERE "users"."email" = ?  ORDER BY "users"."id" ASC LIMIT 1[0m  [["email", "user@example.com"]]
  [1m[35m (0.1ms)[0m  begin transaction
  [1m[36mSQL (0.3ms)[0m  [1mUPDATE "users" SET "last_sign_in_at" = ?, "current_sign_in_at" = ?, "last_sign_in_ip" = ?, "current_sign_in_ip" = ?, "sign_in_count" = ?, "updated_at" = ? WHERE "users"."id" = ?[0m  [["last_sign_in_at", "2015-10-06 01:59:41.308065"], ["current_sign_in_at", "2015-10-06 01:59:41.308065"], ["last_sign_in_ip", "::1"], ["current_sign_in_ip", "::1"], ["sign_in_count", 1], ["updated_at", "2015-10-06 01:59:41.309841"], ["id", 1]]
  [1m[35m (1.5ms)[0m  commit transaction
Completed 201 Created in 106ms (Views: 0.4ms | ActiveRecord: 2.1ms)


Started POST "/users/sign_in" for ::1 at 2015-10-05 21:01:00 -0500
Processing by SessionsController#create as JSON
  Parameters: {"user"=>{"password"=>"[FILTERED]", "email"=>"user@example.com"}}
  [1m[36mUser Load (0.2ms)[0m  [1mSELECT  "users".* FROM "users" WHERE "users"."email" = ?  ORDER BY "users"."id" ASC LIMIT 1[0m  [["email", "user@example.com"]]
  [1m[35m (0.1ms)[0m  begin transaction
  [1m[36mSQL (0.3ms)[0m  [1mUPDATE "users" SET "current_sign_in_at" = ?, "sign_in_count" = ?, "updated_at" = ? WHERE "users"."id" = ?[0m  [["current_sign_in_at", "2015-10-06 02:01:00.597147"], ["sign_in_count", 2], ["updated_at", "2015-10-06 02:01:00.598647"], ["id", 1]]
  [1m[35m (2.4ms)[0m  commit transaction
Completed 201 Created in 113ms (Views: 0.2ms | ActiveRecord: 3.0ms)


Started POST "/users/sign_in" for ::1 at 2015-10-07 19:36:56 -0500
  [1m[36mActiveRecord::SchemaMigration Load (0.2ms)[0m  [1mSELECT "schema_migrations".* FROM "schema_migrations"[0m
Processing by SessionsController#create as JSON
  Parameters: {"user"=>{"password"=>"[FILTERED]", "email"=>"user@example.com"}}
  [1m[35mUser Load (0.2ms)[0m  SELECT  "users".* FROM "users" WHERE "users"."email" = ?  ORDER BY "users"."id" ASC LIMIT 1  [["email", "user@example.com"]]
  [1m[36m (0.1ms)[0m  [1mbegin transaction[0m
  [1m[35mSQL (0.4ms)[0m  UPDATE "users" SET "last_sign_in_at" = ?, "current_sign_in_at" = ?, "sign_in_count" = ?, "updated_at" = ? WHERE "users"."id" = ?  [["last_sign_in_at", "2015-10-06 02:01:00.597147"], ["current_sign_in_at", "2015-10-08 00:36:56.814962"], ["sign_in_count", 3], ["updated_at", "2015-10-08 00:36:56.816669"], ["id", 1]]
  [1m[36m (1.4ms)[0m  [1mcommit transaction[0m
Completed 201 Created in 142ms (Views: 0.2ms | ActiveRecord: 2.7ms)


Started POST "/users/sign_in" for ::1 at 2015-10-07 19:39:50 -0500
Processing by SessionsController#create as JSON
  Parameters: {"user"=>{"password"=>"[FILTERED]", "email"=>"user@example.com"}}
  [1m[35mUser Load (0.2ms)[0m  SELECT  "users".* FROM "users" WHERE "users"."email" = ?  ORDER BY "users"."id" ASC LIMIT 1  [["email", "user@example.com"]]
  [1m[36m (0.1ms)[0m  [1mbegin transaction[0m
  [1m[35mSQL (0.3ms)[0m  UPDATE "users" SET "last_sign_in_at" = ?, "current_sign_in_at" = ?, "sign_in_count" = ?, "updated_at" = ? WHERE "users"."id" = ?  [["last_sign_in_at", "2015-10-08 00:36:56.814962"], ["current_sign_in_at", "2015-10-08 00:39:50.783180"], ["sign_in_count", 4], ["updated_at", "2015-10-08 00:39:50.784855"], ["id", 1]]
  [1m[36m (1.3ms)[0m  [1mcommit transaction[0m
Completed 201 Created in 108ms (Views: 0.2ms | ActiveRecord: 1.9ms)


Started POST "/users/sign_in" for ::1 at 2015-10-07 19:44:58 -0500
Processing by SessionsController#create as JSON
  Parameters: {"user"=>{"password"=>"[FILTERED]", "email"=>"user@example.com"}}
  [1m[35mUser Load (0.2ms)[0m  SELECT  "users".* FROM "users" WHERE "users"."email" = ?  ORDER BY "users"."id" ASC LIMIT 1  [["email", "user@example.com"]]
  [1m[36m (0.2ms)[0m  [1mbegin transaction[0m
  [1m[35mSQL (0.4ms)[0m  UPDATE "users" SET "last_sign_in_at" = ?, "current_sign_in_at" = ?, "sign_in_count" = ?, "updated_at" = ? WHERE "users"."id" = ?  [["last_sign_in_at", "2015-10-08 00:39:50.783180"], ["current_sign_in_at", "2015-10-08 00:44:59.097025"], ["sign_in_count", 5], ["updated_at", "2015-10-08 00:44:59.098969"], ["id", 1]]
  [1m[36m (2.1ms)[0m  [1mcommit transaction[0m
Completed 201 Created in 118ms (Views: 0.2ms | ActiveRecord: 2.9ms)
  [1m[36mActiveRecord::SchemaMigration Load (0.1ms)[0m  [1mSELECT "schema_migrations".* FROM "schema_migrations"[0m
Migrating to CreateIdeas (20151008005744)
  [1m[35m (0.1ms)[0m  begin transaction
  [1m[36m (0.6ms)[0m  [1mCREATE TABLE "ideas" ("id" INTEGER PRIMARY KEY AUTOINCREMENT NOT NULL, "name" varchar, "description" text, "picture" varchar, "created_at" datetime NOT NULL, "updated_at" datetime NOT NULL) [0m
  [1m[35mSQL (0.3ms)[0m  INSERT INTO "schema_migrations" ("version") VALUES (?)  [["version", "20151008005744"]]
  [1m[36m (2.3ms)[0m  [1mcommit transaction[0m
  [1m[35mActiveRecord::SchemaMigration Load (0.2ms)[0m  SELECT "schema_migrations".* FROM "schema_migrations"
  [1m[36m (0.2ms)[0m  [1m            SELECT sql
            FROM sqlite_master
            WHERE name='index_users_on_reset_password_token' AND type='index'
            UNION ALL
            SELECT sql
            FROM sqlite_temp_master
            WHERE name='index_users_on_reset_password_token' AND type='index'
[0m
  [1m[35m (0.1ms)[0m              SELECT sql
            FROM sqlite_master
            WHERE name='index_users_on_email' AND type='index'
            UNION ALL
            SELECT sql
            FROM sqlite_temp_master
            WHERE name='index_users_on_email' AND type='index'

